<?xml version="1.0" encoding="UTF-8"?>
<!-- Generated by org.testng.reporters.JUnitXMLReporter -->
<testsuite ignored="0" hostname="Galal" failures="3" tests="5" name="Surefire test" time="273.576" errors="0" timestamp="2025-03-23T07:04:25 EET">
  <testcase classname="tests.ui.PaymentsTest" name="verifyAvailablePaymentMethods" time="33.303">
    <failure type="java.lang.AssertionError" message="Neither PayPal nor Cash On Delivery is available! expected [true] but found [false]">
      <![CDATA[java.lang.AssertionError: Neither PayPal nor Cash On Delivery is available! expected [true] but found [false]
at tests.ui.PaymentsTest.verifyAvailablePaymentMethods(PaymentsTest.java:147)
at java.base/java.util.ArrayList.forEach(ArrayList.java:1597)
... Removed 33 stack frames]]>
    </failure>
  </testcase> <!-- verifyAvailablePaymentMethods -->
  <testcase classname="tests.ui.PaymentsTest" name="verifyDuplicatePaymentPrevention" time="36.101">
    <failure type="java.lang.AssertionError" message="Duplicate payment request should have been blocked!">
      <![CDATA[java.lang.AssertionError: Duplicate payment request should have been blocked!
at tests.ui.PaymentsTest.verifyDuplicatePaymentPrevention(PaymentsTest.java:183)
at java.base/java.util.ArrayList.forEach(ArrayList.java:1597)
... Removed 31 stack frames]]>
    </failure>
  </testcase> <!-- verifyDuplicatePaymentPrevention -->
  <testcase classname="tests.ui.PaymentsTest" name="verifyExpiredPaymentMethod" time="37.965"/>
  <testcase classname="tests.ui.PaymentsTest" name="verifyPaymentFailsWithInsufficientFunds" time="43.028">
    <failure type="java.lang.AssertionError" message="Transaction should have been declined due to insufficient funds, but it was processed successfully.">
      <![CDATA[java.lang.AssertionError: Transaction should have been declined due to insufficient funds, but it was processed successfully.
at tests.ui.PaymentsTest.verifyPaymentFailsWithInsufficientFunds(PaymentsTest.java:222)
at java.base/java.util.ArrayList.forEach(ArrayList.java:1597)
... Removed 31 stack frames]]>
    </failure>
  </testcase> <!-- verifyPaymentFailsWithInsufficientFunds -->
  <testcase classname="tests.ui.PaymentsTest" name="verifyPaymentViaCreditCard" time="36.16"/>
</testsuite> <!-- Surefire test -->
