<?xml version="1.0" encoding="UTF-8"?>
<!-- Generated by org.testng.reporters.JUnitXMLReporter -->
<testsuite ignored="0" hostname="Galal" failures="3" tests="31" name="EcomUIRegressionTest" time="1376.005" errors="0" timestamp="2025-03-18T13:22:34 EET">
  <testcase classname="tests.ui.CartTest" name="testAddMultipleProductsToCart" time="26.325"/>
  <testcase classname="tests.ui.CartTest" name="testCartPersistence" time="5.751"/>
  <testcase classname="tests.ui.CartTest" name="verifyRemoveMultipleProducts" time="40.814"/>
  <testcase classname="tests.ui.CheckoutTest" name="testCheckoutProcessAsUser" time="33.579"/>
  <testcase classname="tests.ui.CheckoutTest" name="verifyCheckoutPageLoads" time="16.607"/>
  <testcase classname="tests.ui.CheckoutTest" name="verifyCheckoutProcessAsGuest" time="37.169"/>
  <testcase classname="tests.ui.CheckoutTest" name="verifyDifferentPaymentOptionsAreAvailable" time="24.557"/>
  <testcase classname="tests.ui.CheckoutTest" name="verifyInvalidAddressPreventsCheckout" time="29.168"/>
  <testcase classname="tests.ui.CheckoutTest" name="verifyOrderIsGenerated" time="28.851"/>
  <testcase classname="tests.ui.CheckoutTest" name="verifyOrderSummaryDisplaysCorrectInfo" time="31.815"/>
  <testcase classname="tests.ui.HomePageTest" name="verifyHeaderLinks" time="21.077"/>
  <testcase classname="tests.ui.HomePageTest" name="verifyHomePageLoads" time="0.839"/>
  <testcase classname="tests.ui.PaymentsTest" name="verifyAvailablePaymentMethods" time="20.951">
    <failure type="java.lang.AssertionError" message="Neither PayPal nor Cash On Delivery (COD) payment methods are available! Available methods: ">
      <![CDATA[java.lang.AssertionError: Neither PayPal nor Cash On Delivery (COD) payment methods are available! Available methods: 
at tests.ui.PaymentsTest.verifyAvailablePaymentMethods(PaymentsTest.java:316)
at java.base/java.util.ArrayList.forEach(ArrayList.java:1597)
... Removed 30 stack frames]]>
    </failure>
  </testcase> <!-- verifyAvailablePaymentMethods -->
  <testcase classname="tests.ui.PaymentsTest" name="verifyDuplicatePaymentPrevention" time="26.993">
    <failure type="java.lang.AssertionError" message="Duplicate payment request should have been blocked!">
      <![CDATA[java.lang.AssertionError: Duplicate payment request should have been blocked!
at tests.ui.PaymentsTest.verifyDuplicatePaymentPrevention(PaymentsTest.java:443)
at java.base/java.util.ArrayList.forEach(ArrayList.java:1597)
... Removed 30 stack frames]]>
    </failure>
  </testcase> <!-- verifyDuplicatePaymentPrevention -->
  <testcase classname="tests.ui.PaymentsTest" name="verifyExpiredPaymentMethod" time="27.167"/>
  <testcase classname="tests.ui.PaymentsTest" name="verifyPaymentFailsWithInsufficientFunds" time="58.794">
    <failure type="java.lang.AssertionError" message="Transaction should have been declined due to insufficient funds, but it was processed successfully.">
      <![CDATA[java.lang.AssertionError: Transaction should have been declined due to insufficient funds, but it was processed successfully.
at tests.ui.PaymentsTest.verifyPaymentFailsWithInsufficientFunds(PaymentsTest.java:558)
at java.base/java.util.ArrayList.forEach(ArrayList.java:1597)
... Removed 30 stack frames]]>
    </failure>
  </testcase> <!-- verifyPaymentFailsWithInsufficientFunds -->
  <testcase classname="tests.ui.PaymentsTest" name="verifyPaymentViaCreditCard" time="32.959"/>
  <testcase classname="tests.ui.ProductPageTest" name="verifyCompareListFunctionality" time="56.855"/>
  <testcase classname="tests.ui.ProductPageTest" name="verifyProductImageGallery" time="13.745"/>
  <testcase classname="tests.ui.ProductPageTest" name="verifyProductPageLoadsCorrectly" time="5.954"/>
  <testcase classname="tests.ui.ProductPageTest" name="verifyProductReviewsAreDisplayed" time="12.629"/>
  <testcase classname="tests.ui.ProductPageTest" name="verifyProductVariationSelection" time="28.279"/>
  <testcase classname="tests.ui.ProductPageTest" name="verifyRelatedProductsAreDisplayed" time="16.537"/>
  <testcase classname="tests.ui.SearchTest" name="verifyAutoSuggestionsInSearchBar" time="4.823"/>
  <testcase classname="tests.ui.SearchTest" name="verifyClearingFilters" time="17.793"/>
  <testcase classname="tests.ui.SearchTest" name="verifyFilteringByManufacturer" time="15.31"/>
  <testcase classname="tests.ui.SearchTest" name="verifyInvalidSearchTerm" time="7.268"/>
  <testcase classname="tests.ui.SearchTest" name="verifyPaginationInSearchResults" time="9.763"/>
  <testcase classname="tests.ui.SearchTest" name="verifySearchByCategory" time="6.384"/>
  <testcase classname="tests.ui.SearchTest" name="verifySearchFunctionality" time="5.194"/>
  <testcase classname="tests.ui.SearchTest" name="verifySortingOptions" time="15.707"/>
</testsuite> <!-- EcomUIRegressionTest -->
