<!DOCTYPE html PUBLIC "-//W3C//DTD XHTML 1.1//EN" "https://www.w3.org/TR/xhtml11/DTD/xhtml11.dtd">
<html xmlns="https://www.w3.org/1999/xhtml">
<head>
<meta http-equiv="content-type" content="text/html; charset=UTF-8"/>
<title>TestNG Report</title>
<style type="text/css">table {margin-bottom:10px;border-collapse:collapse;empty-cells:show}th,td {border:1px solid #009;padding:.25em .5em}th {vertical-align:bottom}td {vertical-align:top}table a {font-weight:bold}.stripe td {background-color: #E6EBF9}.num {text-align:right}.passedodd td {background-color: #3F3}.passedeven td {background-color: #0A0}.skippedodd td {background-color: #DDD}.skippedeven td {background-color: #CCC}.failedodd td,.attn {background-color: #F33}.failedeven td,.stripe .attn {background-color: #D00}.stacktrace {white-space:pre;font-family:monospace}.totop {font-size:85%;text-align:center;border-bottom:2px solid #000}.invisible {display:none}</style>
</head>
<body>
<table>
<tr><th>Test</th><th># Passed</th><th># Skipped</th><th># Retried</th><th># Failed</th><th>Time (ms)</th><th>Included Groups</th><th>Excluded Groups</th></tr>
<tr><th colspan="8">Surefire suite</th></tr>
<tr><td><a href="#t0">Surefire test</a></td><td class="num">2</td><td class="num">0</td><td class="num">0</td><td class="num attn">3</td><td class="num">273,576</td><td></td><td></td></tr>
</table>
<table id='summary'><thead><tr><th>Class</th><th>Method</th><th>Start</th><th>Time (ms)</th></tr></thead><tbody><tr><th colspan="4">Surefire suite</th></tr></tbody><tbody id="t0"><tr><th colspan="4">Surefire test &#8212; failed</th></tr><tr class="failedeven"><td rowspan="3">tests.ui.PaymentsTest</td><td><a href="#m0">verifyAvailablePaymentMethods</a></td><td rowspan="1">1742706009277</td><td rowspan="1">33303</td></tr><tr class="failedeven"><td><a href="#m1">verifyDuplicatePaymentPrevention</a></td><td rowspan="1">1742706059838</td><td rowspan="1">36101</td></tr><tr class="failedeven"><td><a href="#m2">verifyPaymentFailsWithInsufficientFunds</a></td><td rowspan="1">1742706168306</td><td rowspan="1">43028</td></tr><tr><th colspan="4">Surefire test &#8212; passed</th></tr><tr class="passedeven"><td rowspan="2">tests.ui.PaymentsTest</td><td><a href="#m3">verifyExpiredPaymentMethod</a></td><td rowspan="1">1742706112802</td><td rowspan="1">37965</td></tr><tr class="passedeven"><td><a href="#m4">verifyPaymentViaCreditCard</a></td><td rowspan="1">1742706228847</td><td rowspan="1">36160</td></tr></tbody>
</table>
<h2>Surefire test</h2><h3 id="m0">tests.ui.PaymentsTest#verifyAvailablePaymentMethods</h3><table class="result"><tr><th>Messages</th></tr><tr><td><div class="messages">🟢 Test Started: verifyAvailablePaymentMethods (🔢 Test Case ID: TC-083_TC-084)<br/>
🌍 Test Environment:
🖥️ OS: Windows 11 10.0
☕ Java Version: 23.0.1
🌐 Browser: chrome 134.0.6998.118
<br/>❌ Test FAILED: verifyAvailablePaymentMethods - Neither PayPal nor Cash On Delivery is available! expected [true] but found [false]<br/><br><img src='E:/Folder/Galal/Courses/Digital Egypt Pioneers Initiative (DEPI) - Software Testing/DEPI Software Tester Graduation Project/automation-framework/reports/screenshots\TC-083_TC-084\TC-083_TC-084_screenshot.png' height='300' width='400'/><br></div></td></tr><tr><th>Exception</th></tr><tr><td><div class="stacktrace">java.lang.AssertionError: Neither PayPal nor Cash On Delivery is available! expected [true] but found [false]
	at tests.ui.PaymentsTest.verifyAvailablePaymentMethods(PaymentsTest.java:147)
	at java.base/java.util.ArrayList.forEach(ArrayList.java:1597)
... Removed 33 stack frames</div></td></tr></table><p class="totop"><a href="#summary">back to summary</a></p>
<h3 id="m1">tests.ui.PaymentsTest#verifyDuplicatePaymentPrevention</h3><table class="result"><tr><th>Messages</th></tr><tr><td><div class="messages">🟢 Test Started: verifyDuplicatePaymentPrevention (🔢 Test Case ID: TC-088)<br/>
🌍 Test Environment:
🖥️ OS: Windows 11 10.0
☕ Java Version: 23.0.1
🌐 Browser: chrome 134.0.6998.118
<br/>❌ Test FAILED: verifyDuplicatePaymentPrevention - Duplicate payment request should have been blocked!<br/><br><img src='E:/Folder/Galal/Courses/Digital Egypt Pioneers Initiative (DEPI) - Software Testing/DEPI Software Tester Graduation Project/automation-framework/reports/screenshots\TC-088\TC-088_screenshot.png' height='300' width='400'/><br></div></td></tr><tr><th>Exception</th></tr><tr><td><div class="stacktrace">java.lang.AssertionError: Duplicate payment request should have been blocked!
	at tests.ui.PaymentsTest.verifyDuplicatePaymentPrevention(PaymentsTest.java:183)
	at java.base/java.util.ArrayList.forEach(ArrayList.java:1597)
... Removed 31 stack frames</div></td></tr></table><p class="totop"><a href="#summary">back to summary</a></p>
<h3 id="m2">tests.ui.PaymentsTest#verifyPaymentFailsWithInsufficientFunds</h3><table class="result"><tr><th>Messages</th></tr><tr><td><div class="messages">🟢 Test Started: verifyPaymentFailsWithInsufficientFunds (🔢 Test Case ID: TC-095)<br/>
🌍 Test Environment:
🖥️ OS: Windows 11 10.0
☕ Java Version: 23.0.1
🌐 Browser: chrome 134.0.6998.118
<br/>❌ Test FAILED: verifyPaymentFailsWithInsufficientFunds - Transaction should have been declined due to insufficient funds, but it was processed successfully.<br/><br><img src='E:/Folder/Galal/Courses/Digital Egypt Pioneers Initiative (DEPI) - Software Testing/DEPI Software Tester Graduation Project/automation-framework/reports/screenshots\TC-095\TC-095_screenshot.png' height='300' width='400'/><br></div></td></tr><tr><th>Exception</th></tr><tr><td><div class="stacktrace">java.lang.AssertionError: Transaction should have been declined due to insufficient funds, but it was processed successfully.
	at tests.ui.PaymentsTest.verifyPaymentFailsWithInsufficientFunds(PaymentsTest.java:222)
	at java.base/java.util.ArrayList.forEach(ArrayList.java:1597)
... Removed 31 stack frames</div></td></tr></table><p class="totop"><a href="#summary">back to summary</a></p>
<h3 id="m3">tests.ui.PaymentsTest#verifyExpiredPaymentMethod</h3><table class="result"><tr><th>Messages</th></tr><tr><td><div class="messages">🟢 Test Started: verifyExpiredPaymentMethod (🔢 Test Case ID: TC-012)<br/>
🌍 Test Environment:
🖥️ OS: Windows 11 10.0
☕ Java Version: 23.0.1
🌐 Browser: chrome 134.0.6998.118
<br/>✅ Test PASSED: verifyExpiredPaymentMethod (Duration: 37965ms)<br/><br><img src='E:/Folder/Galal/Courses/Digital Egypt Pioneers Initiative (DEPI) - Software Testing/DEPI Software Tester Graduation Project/automation-framework/reports/screenshots\TC-012\TC-012_screenshot.png' height='300' width='400'/><br></div></td></tr></table><p class="totop"><a href="#summary">back to summary</a></p>
<h3 id="m4">tests.ui.PaymentsTest#verifyPaymentViaCreditCard</h3><table class="result"><tr><th>Messages</th></tr><tr><td><div class="messages">🟢 Test Started: verifyPaymentViaCreditCard (🔢 Test Case ID: TC-082)<br/>
🌍 Test Environment:
🖥️ OS: Windows 11 10.0
☕ Java Version: 23.0.1
🌐 Browser: chrome 134.0.6998.118
<br/>✅ Test PASSED: verifyPaymentViaCreditCard (Duration: 36160ms)<br/><br><img src='E:/Folder/Galal/Courses/Digital Egypt Pioneers Initiative (DEPI) - Software Testing/DEPI Software Tester Graduation Project/automation-framework/reports/screenshots\TC-082\TC-082_screenshot.png' height='300' width='400'/><br></div></td></tr></table><p class="totop"><a href="#summary">back to summary</a></p>
</body>
</html>
