2025-03-23 06:47:03 [main] INFO  TC-083_TC-084_verifyAvailablePaymentMethods - 
===================================================================================== NEW TEST RUN =====================================================================================
2025-03-23 06:47:03 [main] INFO  TC-083_TC-084_verifyAvailablePaymentMethods - Logger initialized
2025-03-23 06:47:03 [main] INFO  TC-083_TC-084_verifyAvailablePaymentMethods - Starting test setup for: verifyAvailablePaymentMethods (üî¢ Test Case ID: TC-083_TC-084)
2025-03-23 06:47:20 [main] INFO  TC-083_TC-084_verifyAvailablePaymentMethods - Navigated to the site: https://demo.nopcommerce.com
2025-03-23 06:47:20 [main] INFO  TC-083_TC-084_verifyAvailablePaymentMethods - Injected cookie: _ga
2025-03-23 06:47:20 [main] INFO  TC-083_TC-084_verifyAvailablePaymentMethods - Injected cookie: cf_clearance
2025-03-23 06:47:20 [main] INFO  TC-083_TC-084_verifyAvailablePaymentMethods - Injected cookie: .Nop.Antiforgery
2025-03-23 06:47:20 [main] INFO  TC-083_TC-084_verifyAvailablePaymentMethods - Injected cookie: .Nop.Customer
2025-03-23 06:47:20 [main] INFO  TC-083_TC-084_verifyAvailablePaymentMethods - Injected cookie: .Nop.Culture
2025-03-23 06:47:20 [main] INFO  TC-083_TC-084_verifyAvailablePaymentMethods - Injected cookie: _ga_SCT41TW89V
2025-03-23 06:47:21 [main] INFO  TC-083_TC-084_verifyAvailablePaymentMethods - Page refreshed with bypassed cookies.
2025-03-23 06:47:22 [main] INFO  utils.MainFunctionalities - Navigating to product page: https://demo.nopcommerce.com/adobe-photoshop
2025-03-23 06:47:24 [main] INFO  utils.MainFunctionalities - Clicked 'Add to Cart' button with ID: add-to-cart-button-10
2025-03-23 06:47:25 [main] INFO  utils.MainFunctionalities - Product successfully added to cart.
2025-03-23 06:47:28 [main] INFO  utils.MainFunctionalities - Cart page loaded successfully.
2025-03-23 06:47:30 [main] INFO  utils.MainFunctionalities - Accepted terms of service.
2025-03-23 06:47:35 [main] INFO  utils.MainFunctionalities - Selected 'Checkout as Guest' option.
2025-03-23 06:47:38 [main] INFO  utils.MainFunctionalities - Checkout page loaded successfully.
2025-03-23 06:47:45 [main] INFO  TC-083_TC-084_verifyAvailablePaymentMethods - Closing the browser for test: verifyAvailablePaymentMethods
2025-03-23 06:47:45 [main] INFO  TC-083_TC-084_verifyAvailablePaymentMethods - Browser closed.
2025-03-23 06:48:08 [main] INFO  TC-083_TC-084_verifyAvailablePaymentMethods - 
===================================================================================== NEW TEST RUN =====================================================================================
2025-03-23 06:48:08 [main] INFO  TC-083_TC-084_verifyAvailablePaymentMethods - Logger initialized
2025-03-23 06:48:08 [main] INFO  TC-083_TC-084_verifyAvailablePaymentMethods - Starting test setup for: verifyAvailablePaymentMethods (üî¢ Test Case ID: TC-083_TC-084)
2025-03-23 06:48:25 [main] INFO  TC-083_TC-084_verifyAvailablePaymentMethods - Navigated to the site: https://demo.nopcommerce.com
2025-03-23 06:48:25 [main] INFO  TC-083_TC-084_verifyAvailablePaymentMethods - Injected cookie: _ga
2025-03-23 06:48:25 [main] INFO  TC-083_TC-084_verifyAvailablePaymentMethods - Injected cookie: cf_clearance
2025-03-23 06:48:25 [main] INFO  TC-083_TC-084_verifyAvailablePaymentMethods - Injected cookie: .Nop.Antiforgery
2025-03-23 06:48:25 [main] INFO  TC-083_TC-084_verifyAvailablePaymentMethods - Injected cookie: .Nop.Customer
2025-03-23 06:48:25 [main] INFO  TC-083_TC-084_verifyAvailablePaymentMethods - Injected cookie: .Nop.Culture
2025-03-23 06:48:25 [main] INFO  TC-083_TC-084_verifyAvailablePaymentMethods - Injected cookie: _ga_SCT41TW89V
2025-03-23 06:48:25 [main] INFO  TC-083_TC-084_verifyAvailablePaymentMethods - Page refreshed with bypassed cookies.
2025-03-23 06:48:26 [main] INFO  utils.MainFunctionalities - Navigating to product page: https://demo.nopcommerce.com/adobe-photoshop
2025-03-23 06:48:29 [main] INFO  utils.MainFunctionalities - Clicked 'Add to Cart' button with ID: add-to-cart-button-10
2025-03-23 06:48:29 [main] INFO  utils.MainFunctionalities - Product successfully added to cart.
2025-03-23 06:48:32 [main] INFO  utils.MainFunctionalities - Cart page loaded successfully.
2025-03-23 06:48:33 [main] INFO  utils.MainFunctionalities - Accepted terms of service.
2025-03-23 06:48:39 [main] INFO  utils.MainFunctionalities - Selected 'Checkout as Guest' option.
2025-03-23 06:48:41 [main] INFO  utils.MainFunctionalities - Checkout page loaded successfully.
2025-03-23 06:48:45 [main] INFO  utils.MainFunctionalities - Checked 'Ship to the same address' option.
2025-03-23 06:48:50 [main] INFO  utils.MainFunctionalities - Shipping method selected.
2025-03-23 06:48:51 [main] INFO  utils.MainFunctionalities - Payment section loaded successfully.
2025-03-23 06:48:54 [main] INFO  utils.MainFunctionalities - Payment options are listed.
2025-03-23 06:48:54 [main] INFO  utils.MainFunctionalities - Both 'Check / Money Order' and 'Credit Card' options are visible.
2025-03-23 06:48:55 [main] INFO  TC-083_TC-084_verifyAvailablePaymentMethods - Payment section loaded successfully.
2025-03-23 06:48:57 [main] INFO  TC-083_TC-084_verifyAvailablePaymentMethods - Payment options are listed.
2025-03-23 06:48:57 [main] INFO  TC-083_TC-084_verifyAvailablePaymentMethods - Credit Card payment method is available.
2025-03-23 06:48:57 [main] INFO  TC-083_TC-084_verifyAvailablePaymentMethods - Closing the browser for test: verifyAvailablePaymentMethods
2025-03-23 06:48:58 [main] INFO  TC-083_TC-084_verifyAvailablePaymentMethods - Browser closed.
2025-03-23 06:59:22 [main] INFO  TC-083_TC-084_verifyAvailablePaymentMethods - 
===================================================================================== NEW TEST RUN =====================================================================================
2025-03-23 06:59:22 [main] INFO  TC-083_TC-084_verifyAvailablePaymentMethods - Logger initialized
2025-03-23 06:59:22 [main] INFO  TC-083_TC-084_verifyAvailablePaymentMethods - Starting test setup for: verifyAvailablePaymentMethods (üî¢ Test Case ID: TC-083_TC-084)
2025-03-23 06:59:52 [main] INFO  TC-083_TC-084_verifyAvailablePaymentMethods - 
===================================================================================== NEW TEST RUN =====================================================================================
2025-03-23 06:59:52 [main] INFO  TC-083_TC-084_verifyAvailablePaymentMethods - Logger initialized
2025-03-23 06:59:52 [main] INFO  TC-083_TC-084_verifyAvailablePaymentMethods - Starting test setup for: verifyAvailablePaymentMethods (üî¢ Test Case ID: TC-083_TC-084)
2025-03-23 07:00:08 [main] INFO  TC-083_TC-084_verifyAvailablePaymentMethods - Navigated to the site: https://demo.nopcommerce.com
2025-03-23 07:00:08 [main] INFO  TC-083_TC-084_verifyAvailablePaymentMethods - Injected cookie: _ga
2025-03-23 07:00:08 [main] INFO  TC-083_TC-084_verifyAvailablePaymentMethods - Injected cookie: cf_clearance
2025-03-23 07:00:08 [main] INFO  TC-083_TC-084_verifyAvailablePaymentMethods - Injected cookie: .Nop.Antiforgery
2025-03-23 07:00:08 [main] INFO  TC-083_TC-084_verifyAvailablePaymentMethods - Injected cookie: .Nop.Customer
2025-03-23 07:00:08 [main] INFO  TC-083_TC-084_verifyAvailablePaymentMethods - Injected cookie: .Nop.Culture
2025-03-23 07:00:08 [main] INFO  TC-083_TC-084_verifyAvailablePaymentMethods - Injected cookie: _ga_SCT41TW89V
2025-03-23 07:00:09 [main] INFO  TC-083_TC-084_verifyAvailablePaymentMethods - Page refreshed with bypassed cookies.
2025-03-23 07:00:09 [main] INFO  TC-083_TC-084_verifyAvailablePaymentMethods - üü¢ Starting test: verifyAvailablePaymentMethods (üî¢ Test Case ID: TC-083_TC-084)
2025-03-23 07:00:10 [main] INFO  utils.MainFunctionalities - Navigating to product page: https://demo.nopcommerce.com/adobe-photoshop
2025-03-23 07:00:12 [main] INFO  utils.MainFunctionalities - Clicked 'Add to Cart' button with ID: add-to-cart-button-10
2025-03-23 07:00:13 [main] INFO  utils.MainFunctionalities - Product successfully added to cart.
2025-03-23 07:00:16 [main] INFO  utils.MainFunctionalities - Cart page loaded successfully.
2025-03-23 07:00:19 [main] INFO  utils.MainFunctionalities - Accepted terms of service.
2025-03-23 07:00:25 [main] INFO  utils.MainFunctionalities - Selected 'Checkout as Guest' option.
2025-03-23 07:00:28 [main] INFO  utils.MainFunctionalities - Checkout page loaded successfully.
2025-03-23 07:00:32 [main] INFO  utils.MainFunctionalities - Checked 'Ship to the same address' option.
2025-03-23 07:00:36 [main] INFO  utils.MainFunctionalities - Shipping method selected.
2025-03-23 07:00:37 [main] INFO  utils.MainFunctionalities - Payment section loaded successfully.
2025-03-23 07:00:39 [main] INFO  utils.MainFunctionalities - Payment options are listed.
2025-03-23 07:00:40 [main] INFO  utils.MainFunctionalities - Both 'Check / Money Order' and 'Credit Card' options are visible.
2025-03-23 07:00:41 [main] INFO  TC-083_TC-084_verifyAvailablePaymentMethods - Payment section loaded successfully.
2025-03-23 07:00:42 [main] INFO  TC-083_TC-084_verifyAvailablePaymentMethods - Payment options are listed.
2025-03-23 07:00:42 [main] INFO  TC-083_TC-084_verifyAvailablePaymentMethods - Credit Card payment method is available.
2025-03-23 07:00:42 [main] ERROR listeners.TestListener - ‚ùå Test FAILED: verifyAvailablePaymentMethods
java.lang.AssertionError: Neither PayPal nor Cash On Delivery is available! expected [true] but found [false]
	at org.testng.Assert.fail(Assert.java:111) ~[testng-7.11.0.jar:7.11.0]
	at org.testng.Assert.failNotEquals(Assert.java:1590) ~[testng-7.11.0.jar:7.11.0]
	at org.testng.Assert.assertTrue(Assert.java:57) ~[testng-7.11.0.jar:7.11.0]
	at tests.ui.PaymentsTest.verifyAvailablePaymentMethods(PaymentsTest.java:147) ~[test-classes/:?]
	at jdk.internal.reflect.DirectMethodHandleAccessor.invoke(DirectMethodHandleAccessor.java:103) ~[?:?]
	at java.lang.reflect.Method.invoke(Method.java:580) ~[?:?]
	at org.testng.internal.invokers.MethodInvocationHelper.invokeMethod(MethodInvocationHelper.java:141) ~[testng-7.11.0.jar:7.11.0]
	at org.testng.internal.invokers.TestInvoker.invokeMethod(TestInvoker.java:687) ~[testng-7.11.0.jar:7.11.0]
	at org.testng.internal.invokers.TestInvoker.invokeTestMethod(TestInvoker.java:230) ~[testng-7.11.0.jar:7.11.0]
	at org.testng.internal.invokers.MethodRunner.runInSequence(MethodRunner.java:63) ~[testng-7.11.0.jar:7.11.0]
	at org.testng.internal.invokers.TestInvoker$MethodInvocationAgent.invoke(TestInvoker.java:995) ~[testng-7.11.0.jar:7.11.0]
	at org.testng.internal.invokers.TestInvoker.invokeTestMethods(TestInvoker.java:203) ~[testng-7.11.0.jar:7.11.0]
	at org.testng.internal.invokers.TestMethodWorker.invokeTestMethods(TestMethodWorker.java:154) ~[testng-7.11.0.jar:7.11.0]
	at org.testng.internal.invokers.TestMethodWorker.run(TestMethodWorker.java:134) ~[testng-7.11.0.jar:7.11.0]
	at java.util.ArrayList.forEach(ArrayList.java:1597) [?:?]
	at org.testng.TestRunner.privateRun(TestRunner.java:741) [testng-7.11.0.jar:7.11.0]
	at org.testng.TestRunner.run(TestRunner.java:616) [testng-7.11.0.jar:7.11.0]
	at org.testng.SuiteRunner.runTest(SuiteRunner.java:421) [testng-7.11.0.jar:7.11.0]
	at org.testng.SuiteRunner.runSequentially(SuiteRunner.java:413) [testng-7.11.0.jar:7.11.0]
	at org.testng.SuiteRunner.privateRun(SuiteRunner.java:373) [testng-7.11.0.jar:7.11.0]
	at org.testng.SuiteRunner.run(SuiteRunner.java:312) [testng-7.11.0.jar:7.11.0]
	at org.testng.SuiteRunnerWorker.runSuite(SuiteRunnerWorker.java:52) [testng-7.11.0.jar:7.11.0]
	at org.testng.SuiteRunnerWorker.run(SuiteRunnerWorker.java:95) [testng-7.11.0.jar:7.11.0]
	at org.testng.TestNG.runSuitesSequentially(TestNG.java:1274) [testng-7.11.0.jar:7.11.0]
	at org.testng.TestNG.runSuitesLocally(TestNG.java:1208) [testng-7.11.0.jar:7.11.0]
	at org.testng.TestNG.runSuites(TestNG.java:1112) [testng-7.11.0.jar:7.11.0]
	at org.testng.TestNG.run(TestNG.java:1079) [testng-7.11.0.jar:7.11.0]
	at org.apache.maven.surefire.testng.TestNGExecutor.run(TestNGExecutor.java:155) [surefire-testng-3.5.2.jar:3.5.2]
	at org.apache.maven.surefire.testng.TestNGDirectoryTestSuite.executeSingleClass(TestNGDirectoryTestSuite.java:102) [surefire-testng-3.5.2.jar:3.5.2]
	at org.apache.maven.surefire.testng.TestNGDirectoryTestSuite.execute(TestNGDirectoryTestSuite.java:91) [surefire-testng-3.5.2.jar:3.5.2]
	at org.apache.maven.surefire.testng.TestNGProvider.invoke(TestNGProvider.java:137) [surefire-testng-3.5.2.jar:3.5.2]
	at org.apache.maven.surefire.booter.ForkedBooter.runSuitesInProcess(ForkedBooter.java:385) [surefire-booter-3.5.2.jar:3.5.2]
	at org.apache.maven.surefire.booter.ForkedBooter.execute(ForkedBooter.java:162) [surefire-booter-3.5.2.jar:3.5.2]
	at org.apache.maven.surefire.booter.ForkedBooter.run(ForkedBooter.java:507) [surefire-booter-3.5.2.jar:3.5.2]
	at org.apache.maven.surefire.booter.ForkedBooter.main(ForkedBooter.java:495) [surefire-booter-3.5.2.jar:3.5.2]
2025-03-23 07:00:42 [main] INFO  TC-083_TC-084_verifyAvailablePaymentMethods - Closing the browser for test: verifyAvailablePaymentMethods
2025-03-23 07:00:42 [main] INFO  TC-083_TC-084_verifyAvailablePaymentMethods - Browser closed.
