2025-03-23 06:57:15 [main] INFO  TC-095_verifyPaymentFailsWithInsufficientFunds - 
===================================================================================== NEW TEST RUN =====================================================================================
2025-03-23 06:57:15 [main] INFO  TC-095_verifyPaymentFailsWithInsufficientFunds - Logger initialized
2025-03-23 06:57:15 [main] INFO  TC-095_verifyPaymentFailsWithInsufficientFunds - Starting test setup for: verifyPaymentFailsWithInsufficientFunds (üî¢ Test Case ID: TC-095)
2025-03-23 06:57:32 [main] INFO  TC-095_verifyPaymentFailsWithInsufficientFunds - Navigated to the site: https://demo.nopcommerce.com
2025-03-23 06:57:32 [main] INFO  TC-095_verifyPaymentFailsWithInsufficientFunds - Injected cookie: cf_clearance
2025-03-23 06:57:32 [main] INFO  TC-095_verifyPaymentFailsWithInsufficientFunds - Injected cookie: _ga
2025-03-23 06:57:32 [main] INFO  TC-095_verifyPaymentFailsWithInsufficientFunds - Injected cookie: .Nop.Antiforgery
2025-03-23 06:57:32 [main] INFO  TC-095_verifyPaymentFailsWithInsufficientFunds - Injected cookie: .Nop.Customer
2025-03-23 06:57:32 [main] INFO  TC-095_verifyPaymentFailsWithInsufficientFunds - Injected cookie: .Nop.Culture
2025-03-23 06:57:32 [main] INFO  TC-095_verifyPaymentFailsWithInsufficientFunds - Injected cookie: _ga_SCT41TW89V
2025-03-23 06:57:33 [main] INFO  TC-095_verifyPaymentFailsWithInsufficientFunds - Page refreshed with bypassed cookies.
2025-03-23 06:57:34 [main] INFO  utils.MainFunctionalities - Navigating to product page: https://demo.nopcommerce.com/adobe-photoshop
2025-03-23 06:57:35 [main] INFO  utils.MainFunctionalities - Clicked 'Add to Cart' button with ID: add-to-cart-button-10
2025-03-23 06:57:35 [main] INFO  utils.MainFunctionalities - Product successfully added to cart.
2025-03-23 06:57:38 [main] INFO  utils.MainFunctionalities - Cart page loaded successfully.
2025-03-23 06:57:40 [main] INFO  utils.MainFunctionalities - Accepted terms of service.
2025-03-23 06:57:45 [main] INFO  utils.MainFunctionalities - Selected 'Checkout as Guest' option.
2025-03-23 06:57:46 [main] INFO  utils.MainFunctionalities - Checkout page loaded successfully.
2025-03-23 06:57:50 [main] INFO  utils.MainFunctionalities - Checked 'Ship to the same address' option.
2025-03-23 06:57:56 [main] INFO  utils.MainFunctionalities - Shipping method selected.
2025-03-23 06:57:58 [main] INFO  utils.MainFunctionalities - Payment method selected.
2025-03-23 06:57:59 [main] INFO  utils.MainFunctionalities - Payment details entered.
2025-03-23 06:58:01 [main] INFO  TC-095_verifyPaymentFailsWithInsufficientFunds - Order confirmed.
2025-03-23 06:58:15 [main] ERROR TC-095_verifyPaymentFailsWithInsufficientFunds - Transaction was completed despite insufficient funds. Test failed!
2025-03-23 06:58:15 [main] INFO  TC-095_verifyPaymentFailsWithInsufficientFunds - Closing the browser for test: verifyPaymentFailsWithInsufficientFunds
2025-03-23 06:58:15 [main] INFO  TC-095_verifyPaymentFailsWithInsufficientFunds - Browser closed.
2025-03-23 06:59:41 [main] INFO  TC-095_verifyPaymentFailsWithInsufficientFunds - 
===================================================================================== NEW TEST RUN =====================================================================================
2025-03-23 06:59:41 [main] INFO  TC-095_verifyPaymentFailsWithInsufficientFunds - Logger initialized
2025-03-23 06:59:41 [main] INFO  TC-095_verifyPaymentFailsWithInsufficientFunds - Starting test setup for: verifyPaymentFailsWithInsufficientFunds (üî¢ Test Case ID: TC-095)
2025-03-23 07:02:31 [main] INFO  TC-095_verifyPaymentFailsWithInsufficientFunds - 
===================================================================================== NEW TEST RUN =====================================================================================
2025-03-23 07:02:31 [main] INFO  TC-095_verifyPaymentFailsWithInsufficientFunds - Logger initialized
2025-03-23 07:02:31 [main] INFO  TC-095_verifyPaymentFailsWithInsufficientFunds - Starting test setup for: verifyPaymentFailsWithInsufficientFunds (üî¢ Test Case ID: TC-095)
2025-03-23 07:02:47 [main] INFO  TC-095_verifyPaymentFailsWithInsufficientFunds - Navigated to the site: https://demo.nopcommerce.com
2025-03-23 07:02:47 [main] INFO  TC-095_verifyPaymentFailsWithInsufficientFunds - Injected cookie: _ga
2025-03-23 07:02:47 [main] INFO  TC-095_verifyPaymentFailsWithInsufficientFunds - Injected cookie: cf_clearance
2025-03-23 07:02:47 [main] INFO  TC-095_verifyPaymentFailsWithInsufficientFunds - Injected cookie: .Nop.Antiforgery
2025-03-23 07:02:47 [main] INFO  TC-095_verifyPaymentFailsWithInsufficientFunds - Injected cookie: .Nop.Customer
2025-03-23 07:02:47 [main] INFO  TC-095_verifyPaymentFailsWithInsufficientFunds - Injected cookie: .Nop.Culture
2025-03-23 07:02:47 [main] INFO  TC-095_verifyPaymentFailsWithInsufficientFunds - Injected cookie: _ga_SCT41TW89V
2025-03-23 07:02:48 [main] INFO  TC-095_verifyPaymentFailsWithInsufficientFunds - Page refreshed with bypassed cookies.
2025-03-23 07:02:48 [main] INFO  TC-095_verifyPaymentFailsWithInsufficientFunds - üü¢ Starting test: verifyPaymentFailsWithInsufficientFunds (üî¢ Test Case ID: TC-095)
2025-03-23 07:02:49 [main] INFO  utils.MainFunctionalities - Navigating to product page: https://demo.nopcommerce.com/adobe-photoshop
2025-03-23 07:02:51 [main] INFO  utils.MainFunctionalities - Clicked 'Add to Cart' button with ID: add-to-cart-button-10
2025-03-23 07:02:51 [main] INFO  utils.MainFunctionalities - Product successfully added to cart.
2025-03-23 07:02:53 [main] INFO  utils.MainFunctionalities - Cart page loaded successfully.
2025-03-23 07:02:54 [main] INFO  utils.MainFunctionalities - Accepted terms of service.
2025-03-23 07:03:00 [main] INFO  utils.MainFunctionalities - Selected 'Checkout as Guest' option.
2025-03-23 07:03:02 [main] INFO  utils.MainFunctionalities - Checkout page loaded successfully.
2025-03-23 07:03:07 [main] INFO  utils.MainFunctionalities - Checked 'Ship to the same address' option.
2025-03-23 07:03:12 [main] INFO  utils.MainFunctionalities - Shipping method selected.
2025-03-23 07:03:15 [main] INFO  utils.MainFunctionalities - Payment method selected.
2025-03-23 07:03:16 [main] INFO  utils.MainFunctionalities - Payment details entered.
2025-03-23 07:03:18 [main] INFO  TC-095_verifyPaymentFailsWithInsufficientFunds - Order confirmed.
2025-03-23 07:03:31 [main] ERROR TC-095_verifyPaymentFailsWithInsufficientFunds - Transaction was completed despite insufficient funds. Test failed!
2025-03-23 07:03:31 [main] ERROR listeners.TestListener - ‚ùå Test FAILED: verifyPaymentFailsWithInsufficientFunds
java.lang.AssertionError: Transaction should have been declined due to insufficient funds, but it was processed successfully.
	at org.testng.Assert.fail(Assert.java:111) ~[testng-7.11.0.jar:7.11.0]
	at tests.ui.PaymentsTest.verifyPaymentFailsWithInsufficientFunds(PaymentsTest.java:222) ~[test-classes/:?]
	at jdk.internal.reflect.DirectMethodHandleAccessor.invoke(DirectMethodHandleAccessor.java:103) ~[?:?]
	at java.lang.reflect.Method.invoke(Method.java:580) ~[?:?]
	at org.testng.internal.invokers.MethodInvocationHelper.invokeMethod(MethodInvocationHelper.java:141) ~[testng-7.11.0.jar:7.11.0]
	at org.testng.internal.invokers.TestInvoker.invokeMethod(TestInvoker.java:687) ~[testng-7.11.0.jar:7.11.0]
	at org.testng.internal.invokers.TestInvoker.invokeTestMethod(TestInvoker.java:230) ~[testng-7.11.0.jar:7.11.0]
	at org.testng.internal.invokers.MethodRunner.runInSequence(MethodRunner.java:63) ~[testng-7.11.0.jar:7.11.0]
	at org.testng.internal.invokers.TestInvoker$MethodInvocationAgent.invoke(TestInvoker.java:995) ~[testng-7.11.0.jar:7.11.0]
	at org.testng.internal.invokers.TestInvoker.invokeTestMethods(TestInvoker.java:203) ~[testng-7.11.0.jar:7.11.0]
	at org.testng.internal.invokers.TestMethodWorker.invokeTestMethods(TestMethodWorker.java:154) ~[testng-7.11.0.jar:7.11.0]
	at org.testng.internal.invokers.TestMethodWorker.run(TestMethodWorker.java:134) ~[testng-7.11.0.jar:7.11.0]
	at java.util.ArrayList.forEach(ArrayList.java:1597) [?:?]
	at org.testng.TestRunner.privateRun(TestRunner.java:741) [testng-7.11.0.jar:7.11.0]
	at org.testng.TestRunner.run(TestRunner.java:616) [testng-7.11.0.jar:7.11.0]
	at org.testng.SuiteRunner.runTest(SuiteRunner.java:421) [testng-7.11.0.jar:7.11.0]
	at org.testng.SuiteRunner.runSequentially(SuiteRunner.java:413) [testng-7.11.0.jar:7.11.0]
	at org.testng.SuiteRunner.privateRun(SuiteRunner.java:373) [testng-7.11.0.jar:7.11.0]
	at org.testng.SuiteRunner.run(SuiteRunner.java:312) [testng-7.11.0.jar:7.11.0]
	at org.testng.SuiteRunnerWorker.runSuite(SuiteRunnerWorker.java:52) [testng-7.11.0.jar:7.11.0]
	at org.testng.SuiteRunnerWorker.run(SuiteRunnerWorker.java:95) [testng-7.11.0.jar:7.11.0]
	at org.testng.TestNG.runSuitesSequentially(TestNG.java:1274) [testng-7.11.0.jar:7.11.0]
	at org.testng.TestNG.runSuitesLocally(TestNG.java:1208) [testng-7.11.0.jar:7.11.0]
	at org.testng.TestNG.runSuites(TestNG.java:1112) [testng-7.11.0.jar:7.11.0]
	at org.testng.TestNG.run(TestNG.java:1079) [testng-7.11.0.jar:7.11.0]
	at org.apache.maven.surefire.testng.TestNGExecutor.run(TestNGExecutor.java:155) [surefire-testng-3.5.2.jar:3.5.2]
	at org.apache.maven.surefire.testng.TestNGDirectoryTestSuite.executeSingleClass(TestNGDirectoryTestSuite.java:102) [surefire-testng-3.5.2.jar:3.5.2]
	at org.apache.maven.surefire.testng.TestNGDirectoryTestSuite.execute(TestNGDirectoryTestSuite.java:91) [surefire-testng-3.5.2.jar:3.5.2]
	at org.apache.maven.surefire.testng.TestNGProvider.invoke(TestNGProvider.java:137) [surefire-testng-3.5.2.jar:3.5.2]
	at org.apache.maven.surefire.booter.ForkedBooter.runSuitesInProcess(ForkedBooter.java:385) [surefire-booter-3.5.2.jar:3.5.2]
	at org.apache.maven.surefire.booter.ForkedBooter.execute(ForkedBooter.java:162) [surefire-booter-3.5.2.jar:3.5.2]
	at org.apache.maven.surefire.booter.ForkedBooter.run(ForkedBooter.java:507) [surefire-booter-3.5.2.jar:3.5.2]
	at org.apache.maven.surefire.booter.ForkedBooter.main(ForkedBooter.java:495) [surefire-booter-3.5.2.jar:3.5.2]
2025-03-23 07:03:31 [main] INFO  TC-095_verifyPaymentFailsWithInsufficientFunds - Closing the browser for test: verifyPaymentFailsWithInsufficientFunds
2025-03-23 07:03:31 [main] INFO  TC-095_verifyPaymentFailsWithInsufficientFunds - Browser closed.
